Number of parameters in the neural network: 81
Number of DoFs: 25
Iteration 0: Loss = 10.200612226415648
Iteration 100: Loss = 0.08648861951517837
Iteration 200: Loss = 0.029174584565765875
Iteration 300: Loss = 0.002896221095157525
Iteration 400: Loss = 0.0004495694949209146
Iteration 500: Loss = 0.0003706593000747273
Iteration 600: Loss = 0.0003592063823259324
Iteration 700: Loss = 0.00034864508402666515
Iteration 800: Loss = 0.00033791221993110057
Iteration 900: Loss = 0.0003269688834737215
Number of DoFs: 1,681
MSE before training: 0.0005091303960597676
Iteration 0: Loss = 0.056327230403146446
Iteration 100: Loss = 0.027081264241023074
Iteration 200: Loss = 0.023878444915978212
Iteration 300: Loss = 0.022372865665357282
Iteration 400: Loss = 0.021022414154959677
Iteration 500: Loss = 0.01990341854027045
Iteration 600: Loss = 0.01938231169421008
Iteration 700: Loss = 0.01911970427083502
Iteration 800: Loss = 0.019037910095637933
Iteration 900: Loss = 0.01894200885314782
MSE after training: 0.0002807348803984052
